May-24 23:23:43.827 [main] DEBUG nextflow.cli.Launcher - $> nextflow main.nf -resume
May-24 23:23:43.931 [main] INFO  nextflow.cli.CmdRun - N E X T F L O W  ~  version 22.04.3
May-24 23:23:43.948 [main] DEBUG nextflow.config.ConfigBuilder - Found config local: /mnt/scratch4/dongze/test_quantaf/quantaf/nextflow.config
May-24 23:23:43.949 [main] DEBUG nextflow.config.ConfigBuilder - Parsing config file: /mnt/scratch4/dongze/test_quantaf/quantaf/nextflow.config
May-24 23:23:43.971 [main] DEBUG nextflow.config.ConfigBuilder - Applying config profile: `standard`
May-24 23:23:44.599 [main] DEBUG nextflow.cli.CmdRun - Applied DSL=2 from script declararion
May-24 23:23:44.615 [main] INFO  nextflow.cli.CmdRun - Launching `main.nf` [wise_lavoisier] DSL2 - revision: 4f4b5518f6
May-24 23:23:44.625 [main] DEBUG nextflow.plugin.PluginsFacade - Setting up plugin manager > mode=prod; plugins-dir=/home/zaza/.nextflow/plugins; core-plugins: nf-amazon@1.7.2,nf-azure@0.13.2,nf-console@1.0.3,nf-ga4gh@1.0.3,nf-google@1.1.4,nf-sqldb@0.4.0,nf-tower@1.4.0
May-24 23:23:44.626 [main] DEBUG nextflow.plugin.PluginsFacade - Plugins default=[]
May-24 23:23:44.634 [main] INFO  org.pf4j.DefaultPluginStatusProvider - Enabled plugins: []
May-24 23:23:44.635 [main] INFO  org.pf4j.DefaultPluginStatusProvider - Disabled plugins: []
May-24 23:23:44.638 [main] INFO  org.pf4j.DefaultPluginManager - PF4J version 3.4.1 in 'deployment' mode
May-24 23:23:44.646 [main] INFO  org.pf4j.AbstractPluginManager - No plugins
May-24 23:23:44.686 [main] DEBUG nextflow.Session - Session uuid: e8e9e28f-9d1f-4e2a-b163-3c7188769f0e
May-24 23:23:44.686 [main] DEBUG nextflow.Session - Run name: wise_lavoisier
May-24 23:23:44.687 [main] DEBUG nextflow.Session - Executor pool size: 88
May-24 23:23:44.713 [main] DEBUG nextflow.cli.CmdRun - 
  Version: 22.04.3 build 5703
  Created: 18-05-2022 19:22 UTC (15:22 EDT)
  System: Linux 5.4.0-109-generic
  Runtime: Groovy 3.0.10 on OpenJDK 64-Bit Server VM 17.0.3+7-Ubuntu-0ubuntu0.20.04.1
  Encoding: UTF-8 (UTF-8)
  Process: 2283973@newton [127.0.1.1]
  CPUs: 88 - Mem: 503.8 GB (10.3 GB) - Swap: 3.7 GB (3.2 GB)
May-24 23:23:44.744 [main] DEBUG nextflow.Session - Work-dir: /mnt/scratch4/dongze/test_quantaf/quantaf/work [ext2/ext3]
May-24 23:23:44.744 [main] DEBUG nextflow.Session - Script base path does not exist or is not a directory: /mnt/scratch4/dongze/test_quantaf/quantaf/bin
May-24 23:23:44.751 [main] DEBUG nextflow.executor.ExecutorFactory - Extension executors providers=[]
May-24 23:23:44.760 [main] DEBUG nextflow.Session - Observer factory: DefaultObserverFactory
May-24 23:23:44.784 [main] DEBUG nextflow.cache.CacheFactory - Using Nextflow cache factory: nextflow.cache.DefaultCacheFactory
May-24 23:23:44.800 [main] DEBUG nextflow.util.CustomThreadPool - Creating default thread pool > poolSize: 89; maxThreads: 1000
May-24 23:23:44.995 [main] DEBUG nextflow.Session - Session start invoked
May-24 23:23:45.001 [main] DEBUG nextflow.trace.TraceFileObserver - Flow starting -- trace file: /mnt/scratch4/dongze/test_quantaf/quantaf/pipeline_trace.txt
May-24 23:23:45.274 [main] DEBUG nextflow.script.ScriptRunner - > Launching execution
May-24 23:23:46.600 [main] DEBUG nextflow.executor.ExecutorFactory - << taskConfig executor: null
May-24 23:23:46.600 [main] DEBUG nextflow.executor.ExecutorFactory - >> processorType: 'local'
May-24 23:23:46.604 [main] DEBUG nextflow.executor.Executor - [warm up] executor > local
May-24 23:23:46.609 [main] DEBUG n.processor.LocalPollingMonitor - Creating local task monitor for executor 'local' > cpus=88; memory=503.8 GB; capacity=88; pollInterval=100ms; dumpInterval=5m
May-24 23:23:46.682 [main] DEBUG nextflow.executor.ExecutorFactory - << taskConfig executor: null
May-24 23:23:46.682 [main] DEBUG nextflow.executor.ExecutorFactory - >> processorType: 'local'
May-24 23:23:46.691 [main] DEBUG nextflow.script.ProcessConfig - Config settings `withLabel:multi_threads` matches labels `multi_threads` for process with name preprocess:salmon_index
May-24 23:23:46.692 [main] DEBUG nextflow.executor.ExecutorFactory - << taskConfig executor: null
May-24 23:23:46.692 [main] DEBUG nextflow.executor.ExecutorFactory - >> processorType: 'local'
May-24 23:23:46.712 [main] DEBUG nextflow.script.ProcessConfig - Config settings `withLabel:single_threads` matches labels `single_threads` for process with name salmon_map:download_fastq
May-24 23:23:46.714 [main] DEBUG nextflow.executor.ExecutorFactory - << taskConfig executor: null
May-24 23:23:46.714 [main] DEBUG nextflow.executor.ExecutorFactory - >> processorType: 'local'
May-24 23:23:46.725 [main] DEBUG nextflow.script.ProcessConfig - Config settings `withLabel:multi_threads` matches labels `multi_threads` for process with name salmon_map:salmon_map_rad
May-24 23:23:46.726 [main] DEBUG nextflow.executor.ExecutorFactory - << taskConfig executor: null
May-24 23:23:46.726 [main] DEBUG nextflow.executor.ExecutorFactory - >> processorType: 'local'
May-24 23:23:46.738 [main] DEBUG nextflow.script.ProcessConfig - Config settings `withLabel:single_threads` matches labels `single_threads` for process with name af:alevin_fry_gpl
May-24 23:23:46.739 [main] DEBUG nextflow.executor.ExecutorFactory - << taskConfig executor: null
May-24 23:23:46.739 [main] DEBUG nextflow.executor.ExecutorFactory - >> processorType: 'local'
May-24 23:23:46.748 [main] DEBUG nextflow.script.ProcessConfig - Config settings `withLabel:multi_threads` matches labels `multi_threads` for process with name af:alevin_fry_collate
May-24 23:23:46.749 [main] DEBUG nextflow.executor.ExecutorFactory - << taskConfig executor: null
May-24 23:23:46.749 [main] DEBUG nextflow.executor.ExecutorFactory - >> processorType: 'local'
May-24 23:23:46.757 [main] DEBUG nextflow.script.ProcessConfig - Config settings `withLabel:multi_threads` matches labels `multi_threads` for process with name af:alevin_fry_quant
May-24 23:23:46.759 [main] DEBUG nextflow.executor.ExecutorFactory - << taskConfig executor: null
May-24 23:23:46.759 [main] DEBUG nextflow.executor.ExecutorFactory - >> processorType: 'local'
May-24 23:23:46.766 [main] DEBUG nextflow.script.ProcessConfig - Config settings `withLabel:single_threads` matches labels `single_threads` for process with name af:write_description
May-24 23:23:46.766 [main] DEBUG nextflow.executor.ExecutorFactory - << taskConfig executor: null
May-24 23:23:46.766 [main] DEBUG nextflow.executor.ExecutorFactory - >> processorType: 'local'
May-24 23:23:46.769 [main] DEBUG nextflow.Session - Workflow process names [dsl2]: write_description, download_fastq, af:alevin_fry_collate, preprocess:get_splici, salmon_map_rad, preprocess:salmon_index, alevin_fry_gpl, alevin_fry_collate, alevin_fry_quant, salmon_map:download_fastq, get_splici, preprocess:get_permitlist, get_permitlist, af:alevin_fry_quant, af:write_description, salmon_index, af:alevin_fry_gpl, salmon_map:salmon_map_rad
May-24 23:23:46.770 [main] DEBUG nextflow.Session - Ignite dataflow network (13)
May-24 23:23:46.775 [main] DEBUG nextflow.processor.TaskProcessor - Starting process > preprocess:get_permitlist
May-24 23:23:46.776 [main] DEBUG nextflow.processor.TaskProcessor - Starting process > preprocess:get_splici
May-24 23:23:46.776 [main] DEBUG nextflow.processor.TaskProcessor - Starting process > preprocess:salmon_index
May-24 23:23:46.776 [main] DEBUG nextflow.processor.TaskProcessor - Starting process > salmon_map:download_fastq
May-24 23:23:46.777 [main] DEBUG nextflow.processor.TaskProcessor - Starting process > salmon_map:salmon_map_rad
May-24 23:23:46.777 [main] DEBUG nextflow.processor.TaskProcessor - Starting process > af:alevin_fry_gpl
May-24 23:23:46.777 [main] DEBUG nextflow.processor.TaskProcessor - Starting process > af:alevin_fry_collate
May-24 23:23:46.778 [main] DEBUG nextflow.processor.TaskProcessor - Starting process > af:alevin_fry_quant
May-24 23:23:46.778 [main] DEBUG nextflow.processor.TaskProcessor - Starting process > af:write_description
May-24 23:23:46.778 [main] DEBUG nextflow.script.ScriptRunner - > Await termination 
May-24 23:23:46.778 [main] DEBUG nextflow.Session - Session await
May-24 23:23:46.984 [Actor Thread 34] INFO  nextflow.processor.TaskProcessor - [0d/0f9cd1] Cached process > preprocess:get_splici (get_permitlist:mm10-2020A)
May-24 23:23:47.030 [Actor Thread 45] INFO  nextflow.processor.TaskProcessor - [69/8eca0d] Cached process > preprocess:salmon_index (salmon_index:mm10-2020A)
May-24 23:23:47.236 [Actor Thread 37] DEBUG nextflow.util.ThreadPoolBuilder - Creating thread pool 'FileTransfer' minSize=4; maxSize=4; workQueue=LinkedBlockingQueue[10000]; allowCoreThreadTimeout=false
May-24 23:23:47.273 [FileTransfer-1] DEBUG nextflow.file.FilePorter - Local cache found for foreign file https://raw.githubusercontent.com/10XGenomics/cellranger/master/lib/python/cellranger/barcodes/3M-february-2018.txt.gz at /mnt/scratch4/dongze/test_quantaf/quantaf/work/stage/43/56a2418a0b95292adafaa994b6da49/3M-february-2018.txt.gz
May-24 23:23:47.282 [Actor Thread 37] INFO  nextflow.processor.TaskProcessor - [95/560026] Cached process > preprocess:get_permitlist (get_permitlist:v3)
May-24 23:23:47.293 [FileTransfer-2] DEBUG nextflow.file.FilePorter - Local cache found for foreign file https://raw.githubusercontent.com/10XGenomics/cellranger/master/lib/python/cellranger/barcodes/737K-august-2016.txt at /mnt/scratch4/dongze/test_quantaf/quantaf/work/stage/e5/fce74fb974b36b39ee3c57b1fdeda3/737K-august-2016.txt
May-24 23:23:47.301 [Actor Thread 35] INFO  nextflow.processor.TaskProcessor - [b4/156634] Cached process > preprocess:get_permitlist (get_permitlist:v2)
May-24 23:23:47.371 [Task submitter] DEBUG nextflow.executor.LocalTaskHandler - Launch cmd line: /bin/bash -ue .command.run
May-24 23:23:47.375 [Task submitter] INFO  nextflow.Session - [f6/9f77ee] Submitted process > salmon_map:download_fastq (download_fastq:698f7d36b433510f407357b21ccb7528)
May-24 23:24:00.585 [Task monitor] DEBUG n.processor.TaskPollingMonitor - Task completed > TaskHandler[id: 5; name: salmon_map:download_fastq (download_fastq:698f7d36b433510f407357b21ccb7528); status: COMPLETED; exit: 0; error: -; workDir: /mnt/scratch4/dongze/test_quantaf/quantaf/work/f6/9f77ee6ee2bbc0023145443bb10315]
May-24 23:24:00.631 [Task submitter] DEBUG nextflow.executor.LocalTaskHandler - Launch cmd line: /bin/bash -ue .command.run
May-24 23:24:00.632 [Task submitter] INFO  nextflow.Session - [ee/e92af5] Submitted process > salmon_map:salmon_map_rad (salmon_map:698f7d36b433510f407357b21ccb7528)
May-24 23:24:34.123 [Task monitor] DEBUG n.processor.TaskPollingMonitor - Task completed > TaskHandler[id: 6; name: salmon_map:salmon_map_rad (salmon_map:698f7d36b433510f407357b21ccb7528); status: COMPLETED; exit: 0; error: -; workDir: /mnt/scratch4/dongze/test_quantaf/quantaf/work/ee/e92af530d3d2b04ee9caa6d068f997]
May-24 23:24:34.159 [Task submitter] DEBUG nextflow.executor.LocalTaskHandler - Launch cmd line: /bin/bash -ue .command.run
May-24 23:24:34.160 [Task submitter] INFO  nextflow.Session - [e4/512e59] Submitted process > af:alevin_fry_gpl (fry_gpl:698f7d36b433510f407357b21ccb7528:unfilt)
May-24 23:24:39.003 [Task monitor] DEBUG n.processor.TaskPollingMonitor - Task completed > TaskHandler[id: 7; name: af:alevin_fry_gpl (fry_gpl:698f7d36b433510f407357b21ccb7528:unfilt); status: COMPLETED; exit: 0; error: -; workDir: /mnt/scratch4/dongze/test_quantaf/quantaf/work/e4/512e590057f8f55b81b6018a2d3679]
May-24 23:24:39.042 [Task submitter] DEBUG nextflow.executor.LocalTaskHandler - Launch cmd line: /bin/bash -ue .command.run
May-24 23:24:39.043 [Task submitter] INFO  nextflow.Session - [f8/7d7d03] Submitted process > af:alevin_fry_collate (fry_collate:698f7d36b433510f407357b21ccb7528:unfilt)
May-24 23:24:40.908 [Task monitor] DEBUG n.processor.TaskPollingMonitor - Task completed > TaskHandler[id: 8; name: af:alevin_fry_collate (fry_collate:698f7d36b433510f407357b21ccb7528:unfilt); status: COMPLETED; exit: 0; error: -; workDir: /mnt/scratch4/dongze/test_quantaf/quantaf/work/f8/7d7d03992c70163e15b631216318ed]
May-24 23:24:40.943 [Task submitter] DEBUG nextflow.executor.LocalTaskHandler - Launch cmd line: /bin/bash -ue .command.run
May-24 23:24:40.943 [Task submitter] INFO  nextflow.Session - [0c/be1888] Submitted process > af:alevin_fry_quant (fry_quant:698f7d36b433510f407357b21ccb7528:unfilt)
May-24 23:24:42.759 [Task monitor] DEBUG n.processor.TaskPollingMonitor - Task completed > TaskHandler[id: 9; name: af:alevin_fry_quant (fry_quant:698f7d36b433510f407357b21ccb7528:unfilt); status: COMPLETED; exit: 0; error: -; workDir: /mnt/scratch4/dongze/test_quantaf/quantaf/work/0c/be1888715ac624617fdced5bb5b8d3]
May-24 23:24:42.794 [Task submitter] INFO  nextflow.Session - [50/800ad4] Submitted process > af:write_description (write_description:698f7d36b433510f407357b21ccb7528:unfilt)
May-24 23:24:42.807 [Task monitor] DEBUG n.processor.TaskPollingMonitor - Task completed > TaskHandler[id: 10; name: af:write_description (write_description:698f7d36b433510f407357b21ccb7528:unfilt); status: COMPLETED; exit: -; error: -; workDir: /mnt/scratch4/dongze/test_quantaf/quantaf/work/50/800ad4db68ccae087d6a74629f9695]
May-24 23:24:42.809 [main] DEBUG nextflow.Session - Session await > all process finished
May-24 23:24:42.811 [main] DEBUG nextflow.Session - Session await > all barriers passed
May-24 23:24:42.819 [main] DEBUG nextflow.trace.WorkflowStatsObserver - Workflow completed > WorkflowStats[succeededCount=6; failedCount=0; ignoredCount=0; cachedCount=4; pendingCount=0; submittedCount=0; runningCount=0; retriesCount=0; abortedCount=0; succeedDuration=9m 16s; failedDuration=0ms; cachedDuration=3h 41m 38s;loadCpus=0; loadMemory=0; peakRunning=1; peakCpus=16; peakMemory=0; ]
May-24 23:24:42.819 [main] DEBUG nextflow.trace.TraceFileObserver - Flow completing -- flushing trace file
May-24 23:24:42.946 [main] DEBUG nextflow.cache.CacheDB - Closing CacheDB done
May-24 23:24:42.963 [main] DEBUG nextflow.script.ScriptRunner - > Execution complete -- Goodbye
